<?xml version="1.0" encoding="UTF-8"?>
<testsuite name="com.koreait.day2.repository.UserRepositoryTest" tests="1" skipped="0" failures="0" errors="0" timestamp="2021-08-18T16:01:20" hostname="DESKTOP-I7QGD4M" time="0.378">
  <properties/>
  <testcase name="create()" classname="com.koreait.day2.repository.UserRepositoryTest" time="0.378"/>
  <system-out><![CDATA[01:01:13.145 [Test worker] DEBUG org.springframework.test.context.BootstrapUtils - Instantiating CacheAwareContextLoaderDelegate from class [org.springframework.test.context.cache.DefaultCacheAwareContextLoaderDelegate]
01:01:13.161 [Test worker] DEBUG org.springframework.test.context.BootstrapUtils - Instantiating BootstrapContext using constructor [public org.springframework.test.context.support.DefaultBootstrapContext(java.lang.Class,org.springframework.test.context.CacheAwareContextLoaderDelegate)]
01:01:13.198 [Test worker] DEBUG org.springframework.test.context.BootstrapUtils - Instantiating TestContextBootstrapper for test class [com.koreait.day2.repository.UserRepositoryTest] from class [org.springframework.boot.test.context.SpringBootTestContextBootstrapper]
01:01:13.211 [Test worker] INFO org.springframework.boot.test.context.SpringBootTestContextBootstrapper - Neither @ContextConfiguration nor @ContextHierarchy found for test class [com.koreait.day2.repository.UserRepositoryTest], using SpringBootContextLoader
01:01:13.215 [Test worker] DEBUG org.springframework.test.context.support.AbstractContextLoader - Did not detect default resource location for test class [com.koreait.day2.repository.UserRepositoryTest]: class path resource [com/koreait/day2/repository/UserRepositoryTest-context.xml] does not exist
01:01:13.216 [Test worker] DEBUG org.springframework.test.context.support.AbstractContextLoader - Did not detect default resource location for test class [com.koreait.day2.repository.UserRepositoryTest]: class path resource [com/koreait/day2/repository/UserRepositoryTestContext.groovy] does not exist
01:01:13.216 [Test worker] INFO org.springframework.test.context.support.AbstractContextLoader - Could not detect default resource locations for test class [com.koreait.day2.repository.UserRepositoryTest]: no resource found for suffixes {-context.xml, Context.groovy}.
01:01:13.217 [Test worker] INFO org.springframework.test.context.support.AnnotationConfigContextLoaderUtils - Could not detect default configuration classes for test class [com.koreait.day2.repository.UserRepositoryTest]: UserRepositoryTest does not declare any static, non-private, non-final, nested classes annotated with @Configuration.
01:01:13.268 [Test worker] DEBUG org.springframework.test.context.support.ActiveProfilesUtils - Could not find an 'annotation declaring class' for annotation type [org.springframework.test.context.ActiveProfiles] and class [com.koreait.day2.repository.UserRepositoryTest]
01:01:13.354 [Test worker] DEBUG org.springframework.context.annotation.ClassPathScanningCandidateComponentProvider - Identified candidate component class: file [C:\lyju777\Spring\Day2\build\classes\java\main\com\koreait\day2\Day2Application.class]
01:01:13.357 [Test worker] INFO org.springframework.boot.test.context.SpringBootTestContextBootstrapper - Found @SpringBootConfiguration com.koreait.day2.Day2Application for test class com.koreait.day2.repository.UserRepositoryTest
01:01:13.485 [Test worker] DEBUG org.springframework.boot.test.context.SpringBootTestContextBootstrapper - @TestExecutionListeners is not present for class [com.koreait.day2.repository.UserRepositoryTest]: using defaults.
01:01:13.486 [Test worker] INFO org.springframework.boot.test.context.SpringBootTestContextBootstrapper - Loaded default TestExecutionListener class names from location [META-INF/spring.factories]: [org.springframework.boot.test.autoconfigure.restdocs.RestDocsTestExecutionListener, org.springframework.boot.test.autoconfigure.web.client.MockRestServiceServerResetTestExecutionListener, org.springframework.boot.test.autoconfigure.web.servlet.MockMvcPrintOnlyOnFailureTestExecutionListener, org.springframework.boot.test.autoconfigure.web.servlet.WebDriverTestExecutionListener, org.springframework.boot.test.autoconfigure.webservices.client.MockWebServiceServerTestExecutionListener, org.springframework.boot.test.mock.mockito.MockitoTestExecutionListener, org.springframework.boot.test.mock.mockito.ResetMocksTestExecutionListener, org.springframework.test.context.web.ServletTestExecutionListener, org.springframework.test.context.support.DirtiesContextBeforeModesTestExecutionListener, org.springframework.test.context.event.ApplicationEventsTestExecutionListener, org.springframework.test.context.support.DependencyInjectionTestExecutionListener, org.springframework.test.context.support.DirtiesContextTestExecutionListener, org.springframework.test.context.transaction.TransactionalTestExecutionListener, org.springframework.test.context.jdbc.SqlScriptsTestExecutionListener, org.springframework.test.context.event.EventPublishingTestExecutionListener]
01:01:13.506 [Test worker] INFO org.springframework.boot.test.context.SpringBootTestContextBootstrapper - Using TestExecutionListeners: [org.springframework.test.context.web.ServletTestExecutionListener@ba3f7df, org.springframework.test.context.support.DirtiesContextBeforeModesTestExecutionListener@8381b39, org.springframework.test.context.event.ApplicationEventsTestExecutionListener@1e08c05, org.springframework.boot.test.mock.mockito.MockitoTestExecutionListener@1c2c079b, org.springframework.boot.test.autoconfigure.SpringBootDependencyInjectionTestExecutionListener@82506ce, org.springframework.test.context.support.DirtiesContextTestExecutionListener@400c2520, org.springframework.test.context.transaction.TransactionalTestExecutionListener@45090980, org.springframework.test.context.jdbc.SqlScriptsTestExecutionListener@39e5de65, org.springframework.test.context.event.EventPublishingTestExecutionListener@1956bce1, org.springframework.boot.test.autoconfigure.restdocs.RestDocsTestExecutionListener@3852afce, org.springframework.boot.test.autoconfigure.web.client.MockRestServiceServerResetTestExecutionListener@359af44d, org.springframework.boot.test.autoconfigure.web.servlet.MockMvcPrintOnlyOnFailureTestExecutionListener@229b126d, org.springframework.boot.test.autoconfigure.web.servlet.WebDriverTestExecutionListener@e06136b, org.springframework.boot.test.autoconfigure.webservices.client.MockWebServiceServerTestExecutionListener@2307e1ba, org.springframework.boot.test.mock.mockito.ResetMocksTestExecutionListener@41dd410b]
01:01:13.512 [Test worker] DEBUG org.springframework.test.context.support.AbstractDirtiesContextTestExecutionListener - Before test class: context [DefaultTestContext@7639eae2 testClass = UserRepositoryTest, testInstance = [null], testMethod = [null], testException = [null], mergedContextConfiguration = [WebMergedContextConfiguration@22f3ff62 testClass = UserRepositoryTest, locations = '{}', classes = '{class com.koreait.day2.Day2Application}', contextInitializerClasses = '[]', activeProfiles = '{}', propertySourceLocations = '{}', propertySourceProperties = '{org.springframework.boot.test.context.SpringBootTestContextBootstrapper=true}', contextCustomizers = set[org.springframework.boot.test.autoconfigure.actuate.metrics.MetricsExportContextCustomizerFactory$DisableMetricExportContextCustomizer@7d70932e, org.springframework.boot.test.autoconfigure.properties.PropertyMappingContextCustomizer@0, org.springframework.boot.test.autoconfigure.web.servlet.WebDriverContextCustomizerFactory$Customizer@547adf24, org.springframework.boot.test.context.filter.ExcludeFilterContextCustomizer@6eade11e, org.springframework.boot.test.json.DuplicateJsonObjectContextCustomizerFactory$DuplicateJsonObjectContextCustomizer@65ae624e, org.springframework.boot.test.mock.mockito.MockitoContextCustomizer@0, org.springframework.boot.test.web.client.TestRestTemplateContextCustomizer@50a6bd76, org.springframework.boot.test.context.SpringBootTestArgs@1, org.springframework.boot.test.context.SpringBootTestWebEnvironment@33a4e4d5], resourceBasePath = 'src/main/webapp', contextLoader = 'org.springframework.boot.test.context.SpringBootContextLoader', parent = [null]], attributes = map['org.springframework.test.context.web.ServletTestExecutionListener.activateListener' -> true]], class annotated with @DirtiesContext [false] with mode [null].
01:01:13.558 [Test worker] DEBUG org.springframework.test.context.support.TestPropertySourceUtils - Adding inlined properties to environment: {spring.jmx.enabled=false, org.springframework.boot.test.context.SpringBootTestContextBootstrapper=true}

  .   ____          _            __ _ _
 /\\ / ___'_ __ _ _(_)_ __  __ _ \ \ \ \
( ( )\___ | '_ | '_| | '_ \/ _` | \ \ \ \
 \\/  ___)| |_)| | | | | || (_| |  ) ) ) )
  '  |____| .__|_| |_|_| |_\__, | / / / /
 =========|_|==============|___/=/_/_/_/
 :: Spring Boot ::                (v2.5.3)

2021-08-19 01:01:13.931  INFO 15712 --- [    Test worker] c.k.day2.repository.UserRepositoryTest   : Starting UserRepositoryTest using Java 11.0.11 on DESKTOP-I7QGD4M with PID 15712 (started by lyju7 in C:\lyju777\Spring\Day2)
2021-08-19 01:01:13.936  INFO 15712 --- [    Test worker] c.k.day2.repository.UserRepositoryTest   : No active profile set, falling back to default profiles: default
2021-08-19 01:01:14.798  INFO 15712 --- [    Test worker] .s.d.r.c.RepositoryConfigurationDelegate : Bootstrapping Spring Data JPA repositories in DEFAULT mode.
2021-08-19 01:01:14.886  INFO 15712 --- [    Test worker] .s.d.r.c.RepositoryConfigurationDelegate : Finished Spring Data repository scanning in 74 ms. Found 2 JPA repository interfaces.
2021-08-19 01:01:15.083  WARN 15712 --- [    Test worker] o.m.s.mapper.ClassPathMapperScanner      : No MyBatis mapper was found in '[com.koreait.day2]' package. Please check your configuration.
2021-08-19 01:01:16.009  INFO 15712 --- [    Test worker] com.zaxxer.hikari.HikariDataSource       : HikariPool-1 - Starting...
2021-08-19 01:01:17.083  INFO 15712 --- [    Test worker] com.zaxxer.hikari.HikariDataSource       : HikariPool-1 - Start completed.
2021-08-19 01:01:17.217  INFO 15712 --- [    Test worker] o.hibernate.jpa.internal.util.LogHelper  : HHH000204: Processing PersistenceUnitInfo [name: default]
2021-08-19 01:01:17.356  INFO 15712 --- [    Test worker] org.hibernate.Version                    : HHH000412: Hibernate ORM core version 5.4.32.Final
2021-08-19 01:01:17.621  INFO 15712 --- [    Test worker] o.hibernate.annotations.common.Version   : HCANN000001: Hibernate Commons Annotations {5.1.2.Final}
2021-08-19 01:01:17.865  INFO 15712 --- [    Test worker] org.hibernate.dialect.Dialect            : HHH000400: Using dialect: org.hibernate.dialect.Oracle12cDialect
2021-08-19 01:01:19.075  INFO 15712 --- [    Test worker] o.h.e.t.j.p.i.JtaPlatformInitiator       : HHH000490: Using JtaPlatform implementation: [org.hibernate.engine.transaction.jta.platform.internal.NoJtaPlatform]
2021-08-19 01:01:19.087  INFO 15712 --- [    Test worker] j.LocalContainerEntityManagerFactoryBean : Initialized JPA EntityManagerFactory for persistence unit 'default'
2021-08-19 01:01:19.417  WARN 15712 --- [    Test worker] JpaBaseConfiguration$JpaWebConfiguration : spring.jpa.open-in-view is enabled by default. Therefore, database queries may be performed during view rendering. Explicitly configure spring.jpa.open-in-view to disable this warning
2021-08-19 01:01:20.769  INFO 15712 --- [    Test worker] c.k.day2.repository.UserRepositoryTest   : Started UserRepositoryTest in 7.204 seconds (JVM running for 8.673)
]]></system-out>
  <system-err><![CDATA[]]></system-err>
</testsuite>
